<?xml version="1.0" encoding="UTF-8"?>
<coverage generated="1619801875259" clover="3.2.0">
  <project timestamp="1619801875259" name="All files">
    <metrics statements="45" coveredstatements="23" conditionals="10" coveredconditionals="8" methods="25" coveredmethods="11" elements="80" coveredelements="42" complexity="0" loc="45" ncloc="45" packages="2" files="2" classes="2"/>
    <package name="src">
      <metrics statements="39" coveredstatements="21" conditionals="10" coveredconditionals="8" methods="20" coveredmethods="10"/>
      <file name="App.vue" path="/Users/anaaraujo/Projects/warren-transactions/src/App.vue">
        <metrics statements="39" coveredstatements="21" conditionals="10" coveredconditionals="8" methods="20" coveredmethods="10"/>
        <line num="54" count="1" type="stmt"/>
        <line num="55" count="1" type="stmt"/>
        <line num="56" count="1" type="stmt"/>
        <line num="57" count="1" type="stmt"/>
        <line num="64" count="12" type="stmt"/>
        <line num="93" count="1" type="stmt"/>
        <line num="94" count="3" type="stmt"/>
        <line num="97" count="5" type="stmt"/>
        <line num="98" count="5" type="cond" truecount="2" falsecount="0"/>
        <line num="99" count="3" type="cond" truecount="2" falsecount="0"/>
        <line num="100" count="2" type="stmt"/>
        <line num="101" count="4" type="cond" truecount="2" falsecount="0"/>
        <line num="107" count="1" type="stmt"/>
        <line num="108" count="2" type="stmt"/>
        <line num="111" count="2" type="cond" truecount="2" falsecount="0"/>
        <line num="112" count="3" type="stmt"/>
        <line num="114" count="1" type="stmt"/>
        <line num="117" count="0" type="stmt"/>
        <line num="118" count="0" type="stmt"/>
        <line num="119" count="0" type="stmt"/>
        <line num="125" count="0" type="stmt"/>
        <line num="127" count="0" type="stmt"/>
        <line num="128" count="0" type="cond" truecount="0" falsecount="2"/>
        <line num="129" count="0" type="stmt"/>
        <line num="131" count="0" type="stmt"/>
        <line num="135" count="0" type="stmt"/>
        <line num="138" count="12" type="stmt"/>
        <line num="139" count="12" type="stmt"/>
        <line num="141" count="0" type="stmt"/>
        <line num="143" count="0" type="stmt"/>
        <line num="144" count="0" type="stmt"/>
        <line num="147" count="0" type="stmt"/>
        <line num="152" count="1" type="stmt"/>
        <line num="154" count="0" type="stmt"/>
        <line num="155" count="0" type="stmt"/>
        <line num="159" count="0" type="stmt"/>
        <line num="161" count="0" type="stmt"/>
        <line num="164" count="0" type="stmt"/>
        <line num="168" count="1" type="stmt"/>
      </file>
    </package>
    <package name="src.components">
      <metrics statements="6" coveredstatements="2" conditionals="0" coveredconditionals="0" methods="5" coveredmethods="1"/>
      <file name="Table.vue" path="/Users/anaaraujo/Projects/warren-transactions/src/components/Table.vue">
        <metrics statements="6" coveredstatements="2" conditionals="0" coveredconditionals="0" methods="5" coveredmethods="1"/>
        <line num="33" count="2" type="stmt"/>
        <line num="44" count="0" type="stmt"/>
        <line num="47" count="2" type="stmt"/>
        <line num="48" count="0" type="stmt"/>
        <line num="51" count="0" type="stmt"/>
        <line num="52" count="0" type="stmt"/>
      </file>
    </package>
  </project>
</coverage>
