<?xml version="1.0" encoding="UTF-8"?>
<coverage generated="1619718203431" clover="3.2.0">
  <project timestamp="1619718203432" name="All files">
    <metrics statements="41" coveredstatements="20" conditionals="8" coveredconditionals="3" methods="22" coveredmethods="8" elements="71" coveredelements="31" complexity="0" loc="41" ncloc="41" packages="3" files="5" classes="5"/>
    <package name="src">
      <metrics statements="24" coveredstatements="6" conditionals="4" coveredconditionals="0" methods="14" coveredmethods="2"/>
      <file name="App.vue" path="/Users/anaaraujo/Projects/warren-transactions/src/App.vue">
        <metrics statements="24" coveredstatements="6" conditionals="4" coveredconditionals="0" methods="14" coveredmethods="2"/>
        <line num="42" count="1" type="stmt"/>
        <line num="43" count="1" type="stmt"/>
        <line num="44" count="1" type="stmt"/>
        <line num="50" count="8" type="stmt"/>
        <line num="62" count="0" type="stmt"/>
        <line num="63" count="0" type="cond" truecount="0" falsecount="2"/>
        <line num="64" count="0" type="stmt"/>
        <line num="65" count="0" type="stmt"/>
        <line num="68" count="0" type="cond" truecount="0" falsecount="2"/>
        <line num="69" count="0" type="stmt"/>
        <line num="71" count="0" type="stmt"/>
        <line num="75" count="8" type="stmt"/>
        <line num="76" count="8" type="stmt"/>
        <line num="78" count="0" type="stmt"/>
        <line num="80" count="0" type="stmt"/>
        <line num="81" count="0" type="stmt"/>
        <line num="84" count="0" type="stmt"/>
        <line num="89" count="0" type="stmt"/>
        <line num="91" count="0" type="stmt"/>
        <line num="92" count="0" type="stmt"/>
        <line num="96" count="0" type="stmt"/>
        <line num="98" count="0" type="stmt"/>
        <line num="101" count="0" type="stmt"/>
        <line num="105" count="0" type="stmt"/>
      </file>
    </package>
    <package name="src.components">
      <metrics statements="12" coveredstatements="9" conditionals="2" coveredconditionals="1" methods="5" coveredmethods="3"/>
      <file name="Dropdown.vue" path="/Users/anaaraujo/Projects/warren-transactions/src/components/Dropdown.vue">
        <metrics statements="7" coveredstatements="6" conditionals="2" coveredconditionals="1" methods="2" coveredmethods="2"/>
        <line num="30" count="2" type="stmt"/>
        <line num="38" count="3" type="stmt"/>
        <line num="45" count="1" type="stmt"/>
        <line num="47" count="1" type="stmt"/>
        <line num="48" count="1" type="cond" truecount="1" falsecount="1"/>
        <line num="49" count="0" type="stmt"/>
        <line num="51" count="1" type="stmt"/>
      </file>
      <file name="Modal.vue" path="/Users/anaaraujo/Projects/warren-transactions/src/components/Modal.vue">
        <metrics statements="3" coveredstatements="2" conditionals="0" coveredconditionals="0" methods="2" coveredmethods="1"/>
        <line num="50" count="2" type="stmt"/>
        <line num="59" count="3" type="stmt"/>
        <line num="70" count="0" type="stmt"/>
      </file>
      <file name="Table.vue" path="/Users/anaaraujo/Projects/warren-transactions/src/components/Table.vue">
        <metrics statements="2" coveredstatements="1" conditionals="0" coveredconditionals="0" methods="1" coveredmethods="0"/>
        <line num="24" count="2" type="stmt"/>
        <line num="34" count="0" type="stmt"/>
      </file>
    </package>
    <package name="src.utils">
      <metrics statements="5" coveredstatements="5" conditionals="2" coveredconditionals="2" methods="3" coveredmethods="3"/>
      <file name="filters.js" path="/Users/anaaraujo/Projects/warren-transactions/src/utils/filters.js">
        <metrics statements="5" coveredstatements="5" conditionals="2" coveredconditionals="2" methods="3" coveredmethods="3"/>
        <line num="2" count="27" type="stmt"/>
        <line num="6" count="19" type="stmt"/>
        <line num="7" count="19" type="stmt"/>
        <line num="11" count="37" type="stmt"/>
        <line num="17" count="37" type="cond" truecount="2" falsecount="0"/>
      </file>
    </package>
  </project>
</coverage>
