{"/Users/anaaraujo/Projects/warren-transactions/src/App.vue": {"path":"/Users/anaaraujo/Projects/warren-transactions/src/App.vue","statementMap":{"0":{"start":{"line":54,"column":0},"end":{"line":54,"column":null}},"1":{"start":{"line":55,"column":0},"end":{"line":55,"column":null}},"2":{"start":{"line":56,"column":0},"end":{"line":56,"column":null}},"3":{"start":{"line":57,"column":0},"end":{"line":57,"column":null}},"4":{"start":{"line":64,"column":0},"end":{"line":64,"column":null}},"5":{"start":{"line":93,"column":0},"end":{"line":95,"column":null}},"6":{"start":{"line":94,"column":0},"end":{"line":94,"column":null}},"7":{"start":{"line":97,"column":0},"end":{"line":97,"column":null}},"8":{"start":{"line":98,"column":0},"end":{"line":115,"column":null}},"9":{"start":{"line":99,"column":0},"end":{"line":105,"column":null}},"10":{"start":{"line":100,"column":0},"end":{"line":101,"column":null}},"11":{"start":{"line":101,"column":0},"end":{"line":101,"column":null}},"12":{"start":{"line":107,"column":0},"end":{"line":108,"column":null}},"13":{"start":{"line":108,"column":0},"end":{"line":108,"column":null}},"14":{"start":{"line":111,"column":0},"end":{"line":115,"column":null}},"15":{"start":{"line":112,"column":0},"end":{"line":112,"column":null}},"16":{"start":{"line":114,"column":0},"end":{"line":114,"column":null}},"17":{"start":{"line":117,"column":0},"end":{"line":117,"column":null}},"18":{"start":{"line":118,"column":0},"end":{"line":123,"column":null}},"19":{"start":{"line":119,"column":0},"end":{"line":119,"column":null}},"20":{"start":{"line":125,"column":0},"end":{"line":125,"column":null}},"21":{"start":{"line":127,"column":0},"end":{"line":133,"column":null}},"22":{"start":{"line":128,"column":0},"end":{"line":132,"column":null}},"23":{"start":{"line":129,"column":0},"end":{"line":129,"column":null}},"24":{"start":{"line":131,"column":0},"end":{"line":131,"column":null}},"25":{"start":{"line":135,"column":0},"end":{"line":135,"column":null}},"26":{"start":{"line":138,"column":0},"end":{"line":138,"column":null}},"27":{"start":{"line":139,"column":0},"end":{"line":148,"column":null}},"28":{"start":{"line":141,"column":0},"end":{"line":141,"column":null}},"29":{"start":{"line":143,"column":0},"end":{"line":143,"column":null}},"30":{"start":{"line":144,"column":0},"end":{"line":144,"column":null}},"31":{"start":{"line":147,"column":0},"end":{"line":147,"column":null}},"32":{"start":{"line":152,"column":0},"end":{"line":152,"column":null}},"33":{"start":{"line":154,"column":0},"end":{"line":154,"column":null}},"34":{"start":{"line":155,"column":0},"end":{"line":165,"column":null}},"35":{"start":{"line":159,"column":0},"end":{"line":159,"column":null}},"36":{"start":{"line":161,"column":0},"end":{"line":161,"column":null}},"37":{"start":{"line":164,"column":0},"end":{"line":164,"column":null}},"38":{"start":{"line":168,"column":0},"end":{"line":168,"column":null}}},"fnMap":{"0":{"name":"data","decl":{"start":{"line":63,"column":0},"end":{"line":63,"column":null}},"loc":{"start":{"line":63,"column":0},"end":{"line":90,"column":null}}},"1":{"name":"statusesNames","decl":{"start":{"line":92,"column":0},"end":{"line":92,"column":null}},"loc":{"start":{"line":92,"column":0},"end":{"line":96,"column":null}}},"2":{"name":"(anonymous_3)","decl":{"start":{"line":93,"column":0},"end":{"line":93,"column":null}},"loc":{"start":{"line":93,"column":0},"end":{"line":95,"column":null}}},"3":{"name":"filteredItems","decl":{"start":{"line":97,"column":0},"end":{"line":97,"column":null}},"loc":{"start":{"line":97,"column":0},"end":{"line":116,"column":null}}},"4":{"name":"(anonymous_5)","decl":{"start":{"line":100,"column":0},"end":{"line":100,"column":null}},"loc":{"start":{"line":100,"column":0},"end":{"line":101,"column":null}}},"5":{"name":"(anonymous_6)","decl":{"start":{"line":107,"column":0},"end":{"line":107,"column":null}},"loc":{"start":{"line":107,"column":0},"end":{"line":108,"column":null}}},"6":{"name":"(anonymous_7)","decl":{"start":{"line":112,"column":0},"end":{"line":112,"column":null}},"loc":{"start":{"line":112,"column":0},"end":{"line":112,"column":null}}},"7":{"name":"groupedByDate","decl":{"start":{"line":117,"column":0},"end":{"line":117,"column":null}},"loc":{"start":{"line":117,"column":0},"end":{"line":136,"column":null}}},"8":{"name":"(anonymous_9)","decl":{"start":{"line":118,"column":0},"end":{"line":118,"column":null}},"loc":{"start":{"line":118,"column":0},"end":{"line":123,"column":null}}},"9":{"name":"(anonymous_10)","decl":{"start":{"line":127,"column":0},"end":{"line":127,"column":null}},"loc":{"start":{"line":127,"column":0},"end":{"line":133,"column":null}}},"10":{"name":"mounted","decl":{"start":{"line":138,"column":0},"end":{"line":138,"column":null}},"loc":{"start":{"line":138,"column":0},"end":{"line":149,"column":null}}},"11":{"name":"(anonymous_12)","decl":{"start":{"line":139,"column":0},"end":{"line":139,"column":null}},"loc":{"start":{"line":139,"column":0},"end":{"line":141,"column":null}}},"12":{"name":"(anonymous_13)","decl":{"start":{"line":141,"column":0},"end":{"line":141,"column":null}},"loc":{"start":{"line":141,"column":0},"end":{"line":145,"column":null}}},"13":{"name":"(anonymous_14)","decl":{"start":{"line":145,"column":0},"end":{"line":145,"column":null}},"loc":{"start":{"line":145,"column":0},"end":{"line":148,"column":null}}},"14":{"name":"selectStatus","decl":{"start":{"line":151,"column":0},"end":{"line":151,"column":null}},"loc":{"start":{"line":151,"column":0},"end":{"line":153,"column":null}}},"15":{"name":"selectTransaction","decl":{"start":{"line":154,"column":0},"end":{"line":154,"column":null}},"loc":{"start":{"line":154,"column":0},"end":{"line":166,"column":null}}},"16":{"name":"(anonymous_17)","decl":{"start":{"line":155,"column":0},"end":{"line":155,"column":null}},"loc":{"start":{"line":155,"column":0},"end":{"line":159,"column":null}}},"17":{"name":"(anonymous_18)","decl":{"start":{"line":159,"column":0},"end":{"line":159,"column":null}},"loc":{"start":{"line":159,"column":0},"end":{"line":162,"column":null}}},"18":{"name":"(anonymous_19)","decl":{"start":{"line":162,"column":0},"end":{"line":162,"column":null}},"loc":{"start":{"line":162,"column":0},"end":{"line":165,"column":null}}},"19":{"name":"closeModal","decl":{"start":{"line":167,"column":0},"end":{"line":167,"column":null}},"loc":{"start":{"line":167,"column":0},"end":{"line":169,"column":null}}}},"branchMap":{"0":{"loc":{"start":{"line":98,"column":0},"end":{"line":115,"column":null}},"type":"if","locations":[{"start":{"line":98,"column":0},"end":{"line":115,"column":null}},{"start":{"line":98,"column":0},"end":{"line":115,"column":null}}]},"1":{"loc":{"start":{"line":99,"column":0},"end":{"line":105,"column":null}},"type":"if","locations":[{"start":{"line":99,"column":0},"end":{"line":105,"column":null}},{"start":{"line":99,"column":0},"end":{"line":105,"column":null}}]},"2":{"loc":{"start":{"line":101,"column":0},"end":{"line":101,"column":null}},"type":"binary-expr","locations":[{"start":{"line":101,"column":0},"end":{"line":101,"column":null}},{"start":{"line":101,"column":0},"end":{"line":101,"column":null}}]},"3":{"loc":{"start":{"line":111,"column":0},"end":{"line":115,"column":null}},"type":"if","locations":[{"start":{"line":111,"column":0},"end":{"line":115,"column":null}},{"start":{"line":111,"column":0},"end":{"line":115,"column":null}}]},"4":{"loc":{"start":{"line":128,"column":0},"end":{"line":132,"column":null}},"type":"if","locations":[{"start":{"line":128,"column":0},"end":{"line":132,"column":null}},{"start":{"line":128,"column":0},"end":{"line":132,"column":null}}]}},"s":{"0":1,"1":1,"2":1,"3":1,"4":12,"5":1,"6":3,"7":5,"8":5,"9":3,"10":2,"11":4,"12":1,"13":2,"14":2,"15":3,"16":1,"17":0,"18":0,"19":0,"20":0,"21":0,"22":0,"23":0,"24":0,"25":0,"26":12,"27":12,"28":0,"29":0,"30":0,"31":0,"32":1,"33":0,"34":0,"35":0,"36":0,"37":0,"38":1},"f":{"0":12,"1":1,"2":3,"3":5,"4":4,"5":2,"6":2,"7":0,"8":0,"9":0,"10":12,"11":0,"12":0,"13":0,"14":1,"15":0,"16":0,"17":0,"18":0,"19":1},"b":{"0":[3,2],"1":[2,1],"2":[4,2],"3":[1,1],"4":[0,0]}}
,"/Users/anaaraujo/Projects/warren-transactions/src/components/Table.vue": {"path":"/Users/anaaraujo/Projects/warren-transactions/src/components/Table.vue","statementMap":{"0":{"start":{"line":33,"column":0},"end":{"line":33,"column":null}},"1":{"start":{"line":44,"column":0},"end":{"line":44,"column":null}},"2":{"start":{"line":47,"column":0},"end":{"line":47,"column":null}},"3":{"start":{"line":48,"column":0},"end":{"line":48,"column":null}},"4":{"start":{"line":51,"column":0},"end":{"line":51,"column":null}},"5":{"start":{"line":52,"column":0},"end":{"line":52,"column":null}}},"fnMap":{"0":{"name":"selectItem","decl":{"start":{"line":43,"column":0},"end":{"line":43,"column":null}},"loc":{"start":{"line":43,"column":0},"end":{"line":45,"column":null}}},"1":{"name":"textColor","decl":{"start":{"line":46,"column":0},"end":{"line":46,"column":null}},"loc":{"start":{"line":46,"column":0},"end":{"line":49,"column":null}}},"2":{"name":"(anonymous_3)","decl":{"start":{"line":47,"column":0},"end":{"line":47,"column":null}},"loc":{"start":{"line":47,"column":0},"end":{"line":47,"column":null}}},"3":{"name":"bgColor","decl":{"start":{"line":50,"column":0},"end":{"line":50,"column":null}},"loc":{"start":{"line":50,"column":0},"end":{"line":53,"column":null}}},"4":{"name":"(anonymous_5)","decl":{"start":{"line":51,"column":0},"end":{"line":51,"column":null}},"loc":{"start":{"line":51,"column":0},"end":{"line":51,"column":null}}}},"branchMap":{},"s":{"0":2,"1":0,"2":2,"3":0,"4":0,"5":0},"f":{"0":0,"1":2,"2":0,"3":0,"4":0},"b":{}}
}
