TN:
SF:src/App.vue
FN:55,data
FN:68,filteredItems
FN:71,(anonymous_3)
FN:78,(anonymous_4)
FN:83,(anonymous_5)
FN:88,groupedByDate
FN:89,(anonymous_7)
FN:98,(anonymous_8)
FN:109,mounted
FN:110,(anonymous_10)
FN:112,(anonymous_11)
FN:116,(anonymous_12)
FN:122,selectStatus
FN:125,selectTransaction
FN:126,(anonymous_15)
FN:130,(anonymous_16)
FN:133,(anonymous_17)
FN:138,closeModal
FNF:18
FNH:8
FNDA:11,data
FNDA:5,filteredItems
FNDA:4,(anonymous_3)
FNDA:2,(anonymous_4)
FNDA:2,(anonymous_5)
FNDA:0,groupedByDate
FNDA:0,(anonymous_7)
FNDA:0,(anonymous_8)
FNDA:11,mounted
FNDA:0,(anonymous_10)
FNDA:0,(anonymous_11)
FNDA:0,(anonymous_12)
FNDA:1,selectStatus
FNDA:0,selectTransaction
FNDA:0,(anonymous_15)
FNDA:0,(anonymous_16)
FNDA:0,(anonymous_17)
FNDA:1,closeModal
DA:46,1
DA:47,1
DA:48,1
DA:49,1
DA:56,11
DA:68,5
DA:69,5
DA:70,3
DA:71,2
DA:72,4
DA:78,1
DA:79,2
DA:82,2
DA:83,3
DA:85,1
DA:88,0
DA:89,0
DA:90,0
DA:96,0
DA:98,0
DA:99,0
DA:100,0
DA:102,0
DA:106,0
DA:109,11
DA:110,11
DA:112,0
DA:114,0
DA:115,0
DA:118,0
DA:123,1
DA:125,0
DA:126,0
DA:130,0
DA:132,0
DA:135,0
DA:139,1
LF:37
LH:19
BRDA:69,0,0,3
BRDA:69,0,1,2
BRDA:70,1,0,2
BRDA:70,1,1,1
BRDA:72,2,0,4
BRDA:72,2,1,2
BRDA:82,3,0,1
BRDA:82,3,1,1
BRDA:99,4,0,0
BRDA:99,4,1,0
BRF:10
BRH:8
end_of_record
TN:
SF:src/components/Table.vue
FN:35,selectItem
FNF:1
FNH:1
FNDA:1,selectItem
DA:26,2
DA:36,1
LF:2
LH:2
BRF:0
BRH:0
end_of_record
TN:
SF:src/utils/filters.js
FN:1,capitalize
FN:5,date
FN:11,longDate
FN:17,money
FN:22,translatedStatus
FNF:5
FNH:5
FNDA:25,capitalize
FNDA:11,date
FNDA:7,longDate
FNDA:17,money
FNDA:40,translatedStatus
DA:2,25
DA:6,11
DA:8,11
DA:12,7
DA:14,7
DA:18,17
DA:19,17
DA:23,40
DA:29,40
LF:9
LH:9
BRDA:29,0,0,39
BRDA:29,0,1,1
BRF:2
BRH:2
end_of_record
