TN:
SF:src/App.vue
FN:49,data
FN:62,filteredItems
FN:65,(anonymous_3)
FN:72,(anonymous_4)
FN:77,(anonymous_5)
FN:83,mounted
FN:84,(anonymous_7)
FN:86,(anonymous_8)
FN:90,(anonymous_9)
FN:96,selectStatus
FN:99,selectTransaction
FN:100,(anonymous_12)
FN:104,(anonymous_13)
FN:107,(anonymous_14)
FN:112,closeModal
FNF:15
FNH:8
FNDA:11,data
FNDA:5,filteredItems
FNDA:4,(anonymous_3)
FNDA:2,(anonymous_4)
FNDA:2,(anonymous_5)
FNDA:11,mounted
FNDA:0,(anonymous_7)
FNDA:0,(anonymous_8)
FNDA:0,(anonymous_9)
FNDA:1,selectStatus
FNDA:0,selectTransaction
FNDA:0,(anonymous_12)
FNDA:0,(anonymous_13)
FNDA:0,(anonymous_14)
FNDA:1,closeModal
DA:42,1
DA:43,1
DA:44,1
DA:50,11
DA:62,5
DA:63,5
DA:64,3
DA:65,2
DA:66,4
DA:72,1
DA:73,2
DA:76,2
DA:77,3
DA:79,1
DA:83,11
DA:84,11
DA:86,0
DA:88,0
DA:89,0
DA:92,0
DA:97,1
DA:99,0
DA:100,0
DA:104,0
DA:106,0
DA:109,0
DA:113,1
LF:27
LH:18
BRDA:63,0,0,3
BRDA:63,0,1,2
BRDA:64,1,0,2
BRDA:64,1,1,1
BRDA:66,2,0,4
BRDA:66,2,1,2
BRDA:76,3,0,1
BRDA:76,3,1,1
BRF:8
BRH:8
end_of_record
TN:
SF:src/components/Dropdown.vue
FN:37,data
FN:44,selectItem
FNF:2
FNH:2
FNDA:4,data
FNDA:2,selectItem
DA:30,2
DA:38,4
DA:45,2
DA:47,2
DA:48,2
DA:49,0
DA:51,2
LF:7
LH:6
BRDA:48,0,0,0
BRDA:48,0,1,2
BRF:2
BRH:1
end_of_record
TN:
SF:src/components/Modal.vue
FN:58,data
FN:69,close
FNF:2
FNH:2
FNDA:4,data
FNDA:1,close
DA:50,2
DA:59,4
DA:70,1
LF:3
LH:3
BRF:0
BRH:0
end_of_record
TN:
SF:src/components/Table.vue
FN:33,selectItem
FNF:1
FNH:1
FNDA:1,selectItem
DA:24,2
DA:34,1
LF:2
LH:2
BRF:0
BRH:0
end_of_record
